<?xml version="1.0" encoding="UTF-8"?>
<!-- Generated by org.testng.reporters.JUnitReportReporter -->
<<<<<<< HEAD
<testsuite skipped="0" hostname="era-PC" name="com.selenium.HybridFramework.TestBase.LoginTEST" tests="2" failures="0" timestamp="13 Jan 2018 10:27:16 GMT" time="38.864" errors="0">
  <testcase name="openURLtest" time="37.990" classname="com.selenium.HybridFramework.TestBase.LoginTEST"/>
  <testcase name="TestSecound" time="0.874" classname="com.selenium.HybridFramework.TestBase.LoginTEST"/>
</testsuite> <!-- com.selenium.HybridFramework.TestBase.LoginTEST -->
=======
<testsuite skipped="0" hostname="abc-X551MA" name="com.selenium.HybridFramework.TestBase.LoginTEST" tests="1" failures="0" timestamp="18 Jan 2018 11:56:21 GMT" time="1.994" errors="1">
  <testcase name="openURLtest" time="1.994" classname="com.selenium.HybridFramework.TestBase.LoginTEST">
    <error type="java.lang.IllegalStateException" message="The driver is not executable: /home/abc/git/HybridFramework/HybridFramework/driver/geckodriver1.exe">
      <![CDATA[java.lang.IllegalStateException: The driver is not executable: /home/abc/git/HybridFramework/HybridFramework/driver/geckodriver1.exe
	at com.google.common.base.Preconditions.checkState(Preconditions.java:534)
	at org.openqa.selenium.remote.service.DriverService.checkExecutable(DriverService.java:140)
	at org.openqa.selenium.remote.service.DriverService.findExecutable(DriverService.java:131)
	at org.openqa.selenium.firefox.GeckoDriverService.access$100(GeckoDriverService.java:41)
	at org.openqa.selenium.firefox.GeckoDriverService$Builder.findDefaultExecutable(GeckoDriverService.java:141)
	at org.openqa.selenium.remote.service.DriverService$Builder.build(DriverService.java:339)
	at org.openqa.selenium.firefox.FirefoxDriver.toExecutor(FirefoxDriver.java:158)
	at org.openqa.selenium.firefox.FirefoxDriver.<init>(FirefoxDriver.java:120)
	at org.openqa.selenium.firefox.FirefoxDriver.<init>(FirefoxDriver.java:98)
	at com.selenium.HybridFramework.TestBase.LoginTEST.openURLtest(LoginTEST.java:27)
	at sun.reflect.NativeMethodAccessorImpl.invoke0(Native Method)
	at sun.reflect.NativeMethodAccessorImpl.invoke(NativeMethodAccessorImpl.java:62)
	at sun.reflect.DelegatingMethodAccessorImpl.invoke(DelegatingMethodAccessorImpl.java:43)
	at java.lang.reflect.Method.invoke(Method.java:498)
	at org.testng.internal.MethodInvocationHelper.invokeMethod(MethodInvocationHelper.java:108)
	at org.testng.internal.Invoker.invokeMethod(Invoker.java:669)
	at org.testng.internal.Invoker.invokeTestMethod(Invoker.java:877)
	at org.testng.internal.Invoker.invokeTestMethods(Invoker.java:1201)
	at org.testng.internal.TestMethodWorker.invokeTestMethods(TestMethodWorker.java:125)
	at org.testng.internal.TestMethodWorker.run(TestMethodWorker.java:109)
	at org.testng.TestRunner.privateRun(TestRunner.java:776)
	at org.testng.TestRunner.run(TestRunner.java:634)
	at org.testng.SuiteRunner.runTest(SuiteRunner.java:425)
	at org.testng.SuiteRunner.runSequentially(SuiteRunner.java:420)
	at org.testng.SuiteRunner.privateRun(SuiteRunner.java:385)
	at org.testng.SuiteRunner.run(SuiteRunner.java:334)
	at org.testng.SuiteRunnerWorker.runSuite(SuiteRunnerWorker.java:52)
	at org.testng.SuiteRunnerWorker.run(SuiteRunnerWorker.java:86)
	at org.testng.TestNG.runSuitesSequentially(TestNG.java:1318)
	at org.testng.TestNG.runSuitesLocally(TestNG.java:1243)
	at org.testng.TestNG.runSuites(TestNG.java:1161)
	at org.testng.TestNG.run(TestNG.java:1129)
	at org.testng.remote.AbstractRemoteTestNG.run(AbstractRemoteTestNG.java:114)
	at org.testng.remote.RemoteTestNG.initAndRun(RemoteTestNG.java:251)
	at org.testng.remote.RemoteTestNG.main(RemoteTestNG.java:77)
]]>
    </error>
  </testcase> <!-- openURLtest -->
</testsuite> <!-- com.selenium.HybridFramework.TestBase.LoginTEST -->
>>>>>>> 3630b908c92125b06aa47fb5ec7059d6511b61be
